{
"contracts/BikeOnChain.sol":{"l":{"42":90,"52":0,"56":0,"57":0,"61":0,"65":0,"69":0,"73":0,"77":0,"78":0,"90":0,"91":0,"101":18,"102":18,"104":0,"105":0,"106":0,"113":0,"114":0,"116":0,"117":0,"118":0,"126":0,"130":0,"134":0,"141":0,"145":0,"146":0,"147":0,"151":0,"155":0,"156":0,"157":0,"158":0},"path":"/Users/rusmirsadikovic/Alyra/bikeOnChainClone/bike-on-chain/hardhat/contracts/BikeOnChain.sol","s":{"1":90,"2":0,"3":0,"4":0,"5":0,"6":0,"7":0,"8":0,"9":0,"10":0,"11":18,"12":18,"13":0,"14":0,"15":0,"16":0,"17":0,"18":0,"19":0,"20":0,"21":0,"22":0,"23":0,"24":0,"25":0,"26":0,"27":0,"28":0},"b":{"1":[0,0],"2":[0,0],"3":[0,0],"4":[18,0],"5":[0,18],"6":[0,0],"7":[0,0],"8":[0,0],"9":[0,0],"10":[0,0]},"f":{"1":90,"2":0,"3":0,"4":0,"5":0,"6":0,"7":0,"8":18,"9":0,"10":0,"11":0},"fnMap":{"1":{"name":"constructor","line":41,"loc":{"start":{"line":41,"column":4},"end":{"line":43,"column":4}}},"2":{"name":"supportsInterface","line":45,"loc":{"start":{"line":45,"column":4},"end":{"line":53,"column":4}}},"3":{"name":"_burn","line":55,"loc":{"start":{"line":55,"column":4},"end":{"line":58,"column":4}}},"4":{"name":"burnNFT","line":60,"loc":{"start":{"line":60,"column":4},"end":{"line":62,"column":4}}},"5":{"name":"checkWhitelist","line":64,"loc":{"start":{"line":64,"column":4},"end":{"line":70,"column":4}}},"6":{"name":"authorizeMaintenance","line":72,"loc":{"start":{"line":72,"column":4},"end":{"line":79,"column":4}}},"7":{"name":"getInfos","line":81,"loc":{"start":{"line":81,"column":4},"end":{"line":92,"column":4}}},"8":{"name":"mintBike","line":100,"loc":{"start":{"line":94,"column":4},"end":{"line":119,"column":4}}},"9":{"name":"setMaintenance","line":125,"loc":{"start":{"line":121,"column":4},"end":{"line":135,"column":4}}},"10":{"name":"declareStolen","line":137,"loc":{"start":{"line":137,"column":4},"end":{"line":148,"column":4}}},"11":{"name":"setOnSale","line":150,"loc":{"start":{"line":150,"column":4},"end":{"line":159,"column":4}}}},"statementMap":{"1":{"start":{"line":42,"column":8},"end":{"line":42,"column":48}},"2":{"start":{"line":52,"column":8},"end":{"line":52,"column":51}},"3":{"start":{"line":56,"column":8},"end":{"line":56,"column":27}},"4":{"start":{"line":57,"column":8},"end":{"line":57,"column":34}},"5":{"start":{"line":61,"column":8},"end":{"line":61,"column":21}},"6":{"start":{"line":65,"column":8},"end":{"line":65,"column":1964}},"7":{"start":{"line":73,"column":8},"end":{"line":73,"column":2187}},"8":{"start":{"line":78,"column":8},"end":{"line":78,"column":44}},"9":{"start":{"line":90,"column":8},"end":{"line":90,"column":43}},"10":{"start":{"line":91,"column":8},"end":{"line":91,"column":58}},"11":{"start":{"line":101,"column":8},"end":{"line":101,"column":35}},"12":{"start":{"line":102,"column":8},"end":{"line":102,"column":69}},"13":{"start":{"line":104,"column":8},"end":{"line":104,"column":27}},"14":{"start":{"line":105,"column":8},"end":{"line":105,"column":46}},"15":{"start":{"line":113,"column":8},"end":{"line":113,"column":34}},"16":{"start":{"line":114,"column":8},"end":{"line":114,"column":41}},"17":{"start":{"line":116,"column":8},"end":{"line":116,"column":38}},"18":{"start":{"line":117,"column":8},"end":{"line":117,"column":55}},"19":{"start":{"line":118,"column":8},"end":{"line":118,"column":24}},"20":{"start":{"line":126,"column":8},"end":{"line":126,"column":3687}},"21":{"start":{"line":134,"column":8},"end":{"line":134,"column":38}},"22":{"start":{"line":141,"column":8},"end":{"line":141,"column":4087}},"23":{"start":{"line":145,"column":8},"end":{"line":145,"column":43}},"24":{"start":{"line":147,"column":8},"end":{"line":147,"column":42}},"25":{"start":{"line":151,"column":8},"end":{"line":151,"column":4415}},"26":{"start":{"line":155,"column":8},"end":{"line":155,"column":47}},"27":{"start":{"line":156,"column":8},"end":{"line":156,"column":43}},"28":{"start":{"line":158,"column":8},"end":{"line":158,"column":42}}},"branchMap":{"1":{"line":60,"type":"if","locations":[{"start":{"line":60,"column":45},"end":{"line":60,"column":45}},{"start":{"line":60,"column":45},"end":{"line":60,"column":45}}]},"2":{"line":65,"type":"if","locations":[{"start":{"line":65,"column":8},"end":{"line":65,"column":8}},{"start":{"line":65,"column":8},"end":{"line":65,"column":8}}]},"3":{"line":73,"type":"if","locations":[{"start":{"line":73,"column":8},"end":{"line":73,"column":8}},{"start":{"line":73,"column":8},"end":{"line":73,"column":8}}]},"4":{"line":100,"type":"if","locations":[{"start":{"line":100,"column":21},"end":{"line":100,"column":21}},{"start":{"line":100,"column":21},"end":{"line":100,"column":21}}]},"5":{"line":102,"type":"if","locations":[{"start":{"line":102,"column":8},"end":{"line":102,"column":8}},{"start":{"line":102,"column":8},"end":{"line":102,"column":8}}]},"6":{"line":125,"type":"if","locations":[{"start":{"line":125,"column":15},"end":{"line":125,"column":15}},{"start":{"line":125,"column":15},"end":{"line":125,"column":15}}]},"7":{"line":126,"type":"if","locations":[{"start":{"line":126,"column":8},"end":{"line":126,"column":8}},{"start":{"line":126,"column":8},"end":{"line":126,"column":8}}]},"8":{"line":141,"type":"if","locations":[{"start":{"line":141,"column":8},"end":{"line":141,"column":8}},{"start":{"line":141,"column":8},"end":{"line":141,"column":8}}]},"9":{"line":151,"type":"if","locations":[{"start":{"line":151,"column":8},"end":{"line":151,"column":8}},{"start":{"line":151,"column":8},"end":{"line":151,"column":8}}]},"10":{"line":155,"type":"if","locations":[{"start":{"line":155,"column":8},"end":{"line":155,"column":8}},{"start":{"line":155,"column":8},"end":{"line":155,"column":8}}]}}},
"contracts/FactoryOfBikes.sol":{"l":{"26":0,"28":0,"29":0,"30":0,"31":0,"32":0,"34":0,"38":0},"path":"/Users/rusmirsadikovic/Alyra/bikeOnChainClone/bike-on-chain/hardhat/contracts/FactoryOfBikes.sol","s":{"1":0,"2":0,"3":0,"4":0,"5":0,"6":0,"7":0,"8":0},"b":{"1":[0,0]},"f":{"1":0,"2":0},"fnMap":{"1":{"name":"createBikeOnChain","line":25,"loc":{"start":{"line":25,"column":2},"end":{"line":35,"column":2}}},"2":{"name":"getBikeContracts","line":37,"loc":{"start":{"line":37,"column":2},"end":{"line":39,"column":2}}}},"statementMap":{"1":{"start":{"line":26,"column":4},"end":{"line":26,"column":107}},"2":{"start":{"line":28,"column":4},"end":{"line":28,"column":47}},"3":{"start":{"line":29,"column":4},"end":{"line":29,"column":44}},"4":{"start":{"line":30,"column":4},"end":{"line":30,"column":41}},"5":{"start":{"line":31,"column":4},"end":{"line":31,"column":26}},"6":{"start":{"line":32,"column":4},"end":{"line":32,"column":51}},"7":{"start":{"line":34,"column":4},"end":{"line":34,"column":50}},"8":{"start":{"line":38,"column":4},"end":{"line":38,"column":31}}},"branchMap":{"1":{"line":26,"type":"if","locations":[{"start":{"line":26,"column":4},"end":{"line":26,"column":4}},{"start":{"line":26,"column":4},"end":{"line":26,"column":4}}]}}}}
