TN:
SF:/Users/rusmirsadikovic/Alyra/bikeOnChainClone/bike-on-chain/hardhat/contracts/BikeOnChain.sol
FN:41,constructor
FN:45,supportsInterface
FN:55,_burn
FN:60,burnNFT
FN:64,checkWhitelist
FN:72,authorizeMaintenance
FN:81,getInfos
FN:100,mintBike
FN:125,setMaintenance
FN:137,declareStolen
FN:150,setOnSale
FNF:11
FNH:2
FNDA:90,constructor
FNDA:0,supportsInterface
FNDA:0,_burn
FNDA:0,burnNFT
FNDA:0,checkWhitelist
FNDA:0,authorizeMaintenance
FNDA:0,getInfos
FNDA:18,mintBike
FNDA:0,setMaintenance
FNDA:0,declareStolen
FNDA:0,setOnSale
DA:42,90
DA:52,0
DA:56,0
DA:57,0
DA:61,0
DA:65,0
DA:69,0
DA:73,0
DA:77,0
DA:78,0
DA:90,0
DA:91,0
DA:101,18
DA:102,18
DA:104,0
DA:105,0
DA:106,0
DA:113,0
DA:114,0
DA:116,0
DA:117,0
DA:118,0
DA:126,0
DA:130,0
DA:134,0
DA:141,0
DA:145,0
DA:146,0
DA:147,0
DA:151,0
DA:155,0
DA:156,0
DA:157,0
DA:158,0
LF:34
LH:3
BRDA:60,1,0,0
BRDA:60,1,1,0
BRDA:65,2,0,0
BRDA:65,2,1,0
BRDA:73,3,0,0
BRDA:73,3,1,0
BRDA:100,4,0,18
BRDA:100,4,1,0
BRDA:102,5,0,0
BRDA:102,5,1,18
BRDA:125,6,0,0
BRDA:125,6,1,0
BRDA:126,7,0,0
BRDA:126,7,1,0
BRDA:141,8,0,0
BRDA:141,8,1,0
BRDA:151,9,0,0
BRDA:151,9,1,0
BRDA:155,10,0,0
BRDA:155,10,1,0
BRF:20
BRH:2
end_of_record
TN:
SF:/Users/rusmirsadikovic/Alyra/bikeOnChainClone/bike-on-chain/hardhat/contracts/FactoryOfBikes.sol
FN:25,createBikeOnChain
FN:37,getBikeContracts
FNF:2
FNH:0
FNDA:0,createBikeOnChain
FNDA:0,getBikeContracts
DA:26,0
DA:28,0
DA:29,0
DA:30,0
DA:31,0
DA:32,0
DA:34,0
DA:38,0
LF:8
LH:0
BRDA:26,1,0,0
BRDA:26,1,1,0
BRF:2
BRH:0
end_of_record
